
**** Build of configuration Debug for project lab999 ****

"C:\\ti\\ccs1200\\ccs\\utils\\bin\\gmake" -k -j 4 all -O 
 
Building file: "../example.c"
Invoking: Arm Compiler
"C:/ti/ccs1200/ccs/tools/compiler/ti-cgt-arm_20.2.6.LTS/bin/armcl" -mv7M4 --code_state=16 --float_support=FPv4SPD16 -me --include_path="U:/CprE288Workspace/lab999" --include_path="C:/ti/TivaWare_C_Series-2.2.0.295" --include_path="C:/ti/ccs1200/ccs/tools/compiler/ti-cgt-arm_20.2.6.LTS/include" --define=ccs="ccs" --define=PART_TM4C123GH6PM -g --gcc --diag_warning=225 --diag_wrap=off --display_error_number --abi=eabi --preproc_with_compile --preproc_dependency="example.d_raw"  "../example.c"
 
>> Compilation failure
subdir_rules.mk:9: recipe for target 'example.obj' failed
"../example.c", line 14: error #20: identifier "oi_t" is undefined
"../example.c", line 38: warning #225-D: function "free" declared implicitly
"../example.c", line 54: error #148: declaration is incompatible with "void imu_move_distance(float, <error-type> *, int)" (declared at line 14)
"../example.c", line 55: error #20: identifier "sensor_data" is undefined
"../example.c", line 66: warning #225-D: function "oi_setWheels" declared implicitly
"../example.c", line 73: warning #225-D: function "free" declared implicitly
3 errors detected in the compilation of "../example.c".
gmake: *** [example.obj] Error 1
gmake: Target 'all' not remade because of errors.

**** Build Finished ****
